<?xml version="1.0" encoding="UTF-8"?>
<!-- Generated by org.testng.reporters.JUnitXMLReporter -->
<testsuite ignored="0" hostname="Ganesh-PC" failures="0" tests="19" name="isr test" time="29.281" errors="0" timestamp="2020-02-02T20:27:33 IST">
  <testcase classname="ISR_Selenium_Testcase.Organization_Fcra_page_Testcase" name="@BeforeTest setup" time="28.469">
    <failure type="org.openqa.selenium.WebDriverException" message="chrome not reachable
  (Session info: chrome=79.0.3945.130)
Build info: version: &amp;apos;3.141.59&amp;apos;, revision: &amp;apos;e82be7d358&amp;apos;, time: &amp;apos;2018-11-14T08:17:03&amp;apos;
System info: host: &amp;apos;GANESH-PC&amp;apos;, ip: &amp;apos;192.168.137.1&amp;apos;, os.name: &amp;apos;Windows 10&amp;apos;, os.arch: &amp;apos;amd64&amp;apos;, os.version: &amp;apos;10.0&amp;apos;, java.version: &amp;apos;11.0.2&amp;apos;
Driver info: org.openqa.selenium.chrome.ChromeDriver
Capabilities {acceptInsecureCerts: false, browserName: chrome, browserVersion: 79.0.3945.130, chrome: {chromedriverVersion: 79.0.3945.36 (3582db32b3389..., userDataDir: C:\Users\Ganesh\AppData\Loc...}, goog:chromeOptions: {debuggerAddress: localhost:63358}, javascriptEnabled: true, networkConnectionEnabled: false, pageLoadStrategy: normal, platform: WINDOWS, platformName: WINDOWS, proxy: Proxy(), setWindowRect: true, strictFileInteractability: false, timeouts: {implicit: 0, pageLoad: 300000, script: 30000}, unhandledPromptBehavior: dismiss and notify}
Session ID: c97b05ad35285a61df7b4b8b7ee96b9e">
      <![CDATA[org.openqa.selenium.WebDriverException: chrome not reachable
  (Session info: chrome=79.0.3945.130)
Build info: version: '3.141.59', revision: 'e82be7d358', time: '2018-11-14T08:17:03'
System info: host: 'GANESH-PC', ip: '192.168.137.1', os.name: 'Windows 10', os.arch: 'amd64', os.version: '10.0', java.version: '11.0.2'
Driver info: org.openqa.selenium.chrome.ChromeDriver
Capabilities {acceptInsecureCerts: false, browserName: chrome, browserVersion: 79.0.3945.130, chrome: {chromedriverVersion: 79.0.3945.36 (3582db32b3389..., userDataDir: C:\Users\Ganesh\AppData\Loc...}, goog:chromeOptions: {debuggerAddress: localhost:63358}, javascriptEnabled: true, networkConnectionEnabled: false, pageLoadStrategy: normal, platform: WINDOWS, platformName: WINDOWS, proxy: Proxy(), setWindowRect: true, strictFileInteractability: false, timeouts: {implicit: 0, pageLoad: 300000, script: 30000}, unhandledPromptBehavior: dismiss and notify}
Session ID: c97b05ad35285a61df7b4b8b7ee96b9e
at org.openqa.selenium.remote.http.W3CHttpResponseCodec.createException(W3CHttpResponseCodec.java:187)
at org.openqa.selenium.remote.http.W3CHttpResponseCodec.decode(W3CHttpResponseCodec.java:122)
at org.openqa.selenium.remote.http.W3CHttpResponseCodec.decode(W3CHttpResponseCodec.java:49)
at org.openqa.selenium.remote.HttpCommandExecutor.execute(HttpCommandExecutor.java:158)
at org.openqa.selenium.remote.service.DriverCommandExecutor.execute(DriverCommandExecutor.java:83)
at org.openqa.selenium.remote.RemoteWebDriver.execute(RemoteWebDriver.java:552)
at org.openqa.selenium.remote.RemoteWebDriver.execute(RemoteWebDriver.java:609)
at org.openqa.selenium.remote.RemoteWebDriver$RemoteWebDriverOptions$RemoteWindow.maximize(RemoteWebDriver.java:837)
at Com_ISR_Base.com_isr_base.initialization(com_isr_base.java:47)
at ISR_Selenium_Testcase.Organization_Fcra_page_Testcase.setup(Organization_Fcra_page_Testcase.java:25)
... Removed 28 stack frames]]>
    </failure>
  </testcase> <!-- @BeforeTest setup -->
  <testcase classname="ISR_Selenium_Testcase.Organization_member_page_Testcase" name="@BeforeTest setup" time="-1.580655450691E9">
    <skipped/>
  </testcase> <!-- @BeforeTest setup -->
  <testcase classname="ISR_Selenium_Testcase.Organization_setting_page_Testcase" name="@BeforeTest setup" time="-1.580655450697E9">
    <skipped/>
  </testcase> <!-- @BeforeTest setup -->
  <testcase classname="ISR_Selenium_Testcase.Organization_uploadvideo_page_testcase" name="@BeforeTest setup" time="-1.580655450702E9">
    <skipped/>
  </testcase> <!-- @BeforeTest setup -->
  <testcase classname="ISR_Selenium_Testcase.Login_Page_test" name="@BeforeMethod setup" time="-1.580655450934E9">
    <skipped/>
  </testcase> <!-- @BeforeMethod setup -->
  <testcase classname="ISR_Selenium_Testcase.Login_Page_test" name="@AfterMethod close" time="-1.580655450984E9">
    <skipped/>
  </testcase> <!-- @AfterMethod close -->
  <testcase classname="ISR_Selenium_Testcase.Login_Page_test" name="@BeforeMethod setup" time="-1.580655451039E9">
    <skipped/>
  </testcase> <!-- @BeforeMethod setup -->
  <testcase classname="ISR_Selenium_Testcase.Login_Page_test" name="@AfterMethod close" time="-1.580655451057E9">
    <skipped/>
  </testcase> <!-- @AfterMethod close -->
  <testcase classname="ISR_Selenium_Testcase.Login_Page_test" name="@BeforeMethod setup" time="-1.580655451065E9">
    <skipped/>
  </testcase> <!-- @BeforeMethod setup -->
  <testcase classname="ISR_Selenium_Testcase.Login_Page_test" name="@AfterMethod close" time="-1.58065545109E9">
    <skipped/>
  </testcase> <!-- @AfterMethod close -->
  <testcase classname="ISR_Selenium_Testcase.Login_Page_test" name="@BeforeMethod setup" time="-1.580655451095E9">
    <skipped/>
  </testcase> <!-- @BeforeMethod setup -->
  <testcase classname="ISR_Selenium_Testcase.Login_Page_test" name="@AfterMethod close" time="-1.580655451122E9">
    <skipped/>
  </testcase> <!-- @AfterMethod close -->
  <testcase classname="ISR_Selenium_Testcase.Organization_details_page_Testcase" name="@BeforeMethod setup" time="-1.580655451127E9">
    <skipped/>
  </testcase> <!-- @BeforeMethod setup -->
  <testcase classname="ISR_Selenium_Testcase.Organization_details_page_Testcase" name="@AfterMethod close" time="-1.580655451144E9">
    <skipped/>
  </testcase> <!-- @AfterMethod close -->
  <testcase classname="ISR_Selenium_Testcase.Organization_details_page_Testcase" name="@BeforeMethod setup" time="-1.580655451152E9">
    <skipped/>
  </testcase> <!-- @BeforeMethod setup -->
  <testcase classname="ISR_Selenium_Testcase.Organization_details_page_Testcase" name="@AfterMethod close" time="-1.580655451203E9">
    <skipped/>
  </testcase> <!-- @AfterMethod close -->
  <testcase classname="ISR_Selenium_Testcase.Organization_details_page_Testcase" name="@BeforeMethod setup" time="-1.580655451207E9">
    <skipped/>
  </testcase> <!-- @BeforeMethod setup -->
  <testcase classname="ISR_Selenium_Testcase.Organization_details_page_Testcase" name="@AfterMethod close" time="-1.580655451231E9">
    <skipped/>
  </testcase> <!-- @AfterMethod close -->
  <testcase classname="ISR_Selenium_Testcase.Login_Page_test" name="loginpagetitletest" time="0.0">
    <skipped/>
  </testcase> <!-- loginpagetitletest -->
  <testcase classname="ISR_Selenium_Testcase.Login_Page_test" name="logintest" time="0.0">
    <skipped/>
  </testcase> <!-- logintest -->
  <testcase classname="ISR_Selenium_Testcase.Login_Page_test" name="invalidloginemail" time="0.0">
    <skipped/>
  </testcase> <!-- invalidloginemail -->
  <testcase classname="ISR_Selenium_Testcase.Login_Page_test" name="invalidloginpassword" time="0.0">
    <skipped/>
  </testcase> <!-- invalidloginpassword -->
  <testcase classname="ISR_Selenium_Testcase.Organization_details_page_Testcase" name="orgdetailspage" time="0.0">
    <skipped/>
  </testcase> <!-- orgdetailspage -->
  <testcase classname="ISR_Selenium_Testcase.Organization_details_page_Testcase" name="downloadcertificate" time="0.0">
    <skipped/>
  </testcase> <!-- downloadcertificate -->
  <testcase classname="ISR_Selenium_Testcase.Organization_details_page_Testcase" name="uploadcertificate" time="0.0">
    <skipped/>
  </testcase> <!-- uploadcertificate -->
  <testcase classname="ISR_Selenium_Testcase.Organization_uploadvideo_page_testcase" name="organization_video" time="0.0">
    <skipped/>
  </testcase> <!-- organization_video -->
  <testcase classname="ISR_Selenium_Testcase.Organization_Fcra_page_Testcase" name="upload_fcra" time="0.0">
    <skipped/>
  </testcase> <!-- upload_fcra -->
  <testcase classname="ISR_Selenium_Testcase.Organization_Fcra_page_Testcase" name="download_fcra" time="0.0">
    <skipped/>
  </testcase> <!-- download_fcra -->
  <testcase classname="ISR_Selenium_Testcase.Organization_Fcra_page_Testcase" name="pending_fcra" time="0.0">
    <skipped/>
  </testcase> <!-- pending_fcra -->
  <testcase classname="ISR_Selenium_Testcase.Organization_Fcra_page_Testcase" name="verified_fcra" time="0.0">
    <skipped/>
  </testcase> <!-- verified_fcra -->
  <testcase classname="ISR_Selenium_Testcase.Organization_member_page_Testcase" name="addmember" time="0.0">
    <skipped/>
  </testcase> <!-- addmember -->
  <testcase classname="ISR_Selenium_Testcase.Organization_member_page_Testcase" name="edit_member_name_expert" time="0.0">
    <skipped/>
  </testcase> <!-- edit_member_name_expert -->
  <testcase classname="ISR_Selenium_Testcase.Organization_member_page_Testcase" name="add_same_email" time="0.0">
    <skipped/>
  </testcase> <!-- add_same_email -->
  <testcase classname="ISR_Selenium_Testcase.Organization_member_page_Testcase" name="edit_email" time="0.0">
    <skipped/>
  </testcase> <!-- edit_email -->
  <testcase classname="ISR_Selenium_Testcase.Organization_member_page_Testcase" name="download_sample_member" time="0.0">
    <skipped/>
  </testcase> <!-- download_sample_member -->
  <testcase classname="ISR_Selenium_Testcase.Organization_member_page_Testcase" name="upload_member" time="0.0">
    <skipped/>
  </testcase> <!-- upload_member -->
  <testcase classname="ISR_Selenium_Testcase.Organization_setting_page_Testcase" name="beneficiaryfamilyangel" time="0.0">
    <skipped/>
  </testcase> <!-- beneficiaryfamilyangel -->
</testsuite> <!-- isr test -->
