<?xml version="1.0" encoding="UTF-8"?>
<!-- Generated by org.testng.reporters.JUnitXMLReporter -->
<testsuite hostname="Ganesh-PC" ignored="0" name="isr test" tests="19" failures="0" timestamp="2020-02-02T20:36:24 IST" time="61.453" errors="0">
  <testcase name="@BeforeTest setup" time="60.774" classname="ISR_Selenium_Testcase.Organization_Fcra_page_Testcase">
    <failure type="org.openqa.selenium.NoSuchElementException" message="no such element: Unable to locate element: {&amp;quot;method&amp;quot;:&amp;quot;xpath&amp;quot;,&amp;quot;selector&amp;quot;:&amp;quot;//*[@id=&amp;quot;target&amp;quot;]/div[2]/div/span[2]/div/div[1]&amp;quot;}
  (Session info: chrome=79.0.3945.130)
For documentation on this error, please visit: https://www.seleniumhq.org/exceptions/no_such_element.html
Build info: version: &amp;apos;3.141.59&amp;apos;, revision: &amp;apos;e82be7d358&amp;apos;, time: &amp;apos;2018-11-14T08:17:03&amp;apos;
System info: host: &amp;apos;GANESH-PC&amp;apos;, ip: &amp;apos;192.168.137.1&amp;apos;, os.name: &amp;apos;Windows 10&amp;apos;, os.arch: &amp;apos;amd64&amp;apos;, os.version: &amp;apos;10.0&amp;apos;, java.version: &amp;apos;1.8.0_201&amp;apos;
Driver info: org.openqa.selenium.chrome.ChromeDriver
Capabilities {acceptInsecureCerts: false, browserName: chrome, browserVersion: 79.0.3945.130, chrome: {chromedriverVersion: 79.0.3945.36 (3582db32b3389..., userDataDir: C:\Users\Ganesh\AppData\Loc...}, goog:chromeOptions: {debuggerAddress: localhost:63626}, javascriptEnabled: true, networkConnectionEnabled: false, pageLoadStrategy: normal, platform: WINDOWS, platformName: WINDOWS, proxy: Proxy(), setWindowRect: true, strictFileInteractability: false, timeouts: {implicit: 0, pageLoad: 300000, script: 30000}, unhandledPromptBehavior: dismiss and notify}
Session ID: 5b1ee6a4e5462a80d70d94ccdb4df6c7
*** Element info: {Using=xpath, value=//*[@id=&amp;quot;target&amp;quot;]/div[2]/div/span[2]/div/div[1]}">
      <![CDATA[org.openqa.selenium.NoSuchElementException: no such element: Unable to locate element: {"method":"xpath","selector":"//*[@id="target"]/div[2]/div/span[2]/div/div[1]"}
  (Session info: chrome=79.0.3945.130)
For documentation on this error, please visit: https://www.seleniumhq.org/exceptions/no_such_element.html
Build info: version: '3.141.59', revision: 'e82be7d358', time: '2018-11-14T08:17:03'
System info: host: 'GANESH-PC', ip: '192.168.137.1', os.name: 'Windows 10', os.arch: 'amd64', os.version: '10.0', java.version: '1.8.0_201'
Driver info: org.openqa.selenium.chrome.ChromeDriver
Capabilities {acceptInsecureCerts: false, browserName: chrome, browserVersion: 79.0.3945.130, chrome: {chromedriverVersion: 79.0.3945.36 (3582db32b3389..., userDataDir: C:\Users\Ganesh\AppData\Loc...}, goog:chromeOptions: {debuggerAddress: localhost:63626}, javascriptEnabled: true, networkConnectionEnabled: false, pageLoadStrategy: normal, platform: WINDOWS, platformName: WINDOWS, proxy: Proxy(), setWindowRect: true, strictFileInteractability: false, timeouts: {implicit: 0, pageLoad: 300000, script: 30000}, unhandledPromptBehavior: dismiss and notify}
Session ID: 5b1ee6a4e5462a80d70d94ccdb4df6c7
*** Element info: {Using=xpath, value=//*[@id="target"]/div[2]/div/span[2]/div/div[1]}
at org.openqa.selenium.remote.http.W3CHttpResponseCodec.createException(W3CHttpResponseCodec.java:187)
at org.openqa.selenium.remote.http.W3CHttpResponseCodec.decode(W3CHttpResponseCodec.java:122)
at org.openqa.selenium.remote.http.W3CHttpResponseCodec.decode(W3CHttpResponseCodec.java:49)
at org.openqa.selenium.remote.HttpCommandExecutor.execute(HttpCommandExecutor.java:158)
at org.openqa.selenium.remote.service.DriverCommandExecutor.execute(DriverCommandExecutor.java:83)
at org.openqa.selenium.remote.RemoteWebDriver.execute(RemoteWebDriver.java:552)
at org.openqa.selenium.remote.RemoteWebDriver.findElement(RemoteWebDriver.java:323)
at org.openqa.selenium.remote.RemoteWebDriver.findElementByXPath(RemoteWebDriver.java:428)
at org.openqa.selenium.By$ByXPath.findElement(By.java:353)
at org.openqa.selenium.remote.RemoteWebDriver.findElement(RemoteWebDriver.java:315)
at org.openqa.selenium.support.pagefactory.DefaultElementLocator.findElement(DefaultElementLocator.java:69)
at org.openqa.selenium.support.pagefactory.internal.LocatingElementHandler.invoke(LocatingElementHandler.java:38)
at com.sun.proxy.$Proxy8.click(Unknown Source)
at Com_ISR_Pages.Homepage.selectorgnew(Homepage.java:33)
at ISR_Selenium_Testcase.Organization_Fcra_page_Testcase.setup(Organization_Fcra_page_Testcase.java:29)
... Removed 31 stack frames]]>
    </failure>
  </testcase> <!-- @BeforeTest setup -->
  <testcase name="@BeforeTest setup" time="-1.580655981862E9" classname="ISR_Selenium_Testcase.Organization_member_page_Testcase">
    <skipped/>
  </testcase> <!-- @BeforeTest setup -->
  <testcase name="@BeforeTest setup" time="-1.580655981863E9" classname="ISR_Selenium_Testcase.Organization_setting_page_Testcase">
    <skipped/>
  </testcase> <!-- @BeforeTest setup -->
  <testcase name="@BeforeTest setup" time="-1.580655981864E9" classname="ISR_Selenium_Testcase.Organization_uploadvideo_page_testcase">
    <skipped/>
  </testcase> <!-- @BeforeTest setup -->
  <testcase name="@BeforeMethod setup" time="-1.580655981929E9" classname="ISR_Selenium_Testcase.Login_Page_test">
    <skipped/>
  </testcase> <!-- @BeforeMethod setup -->
  <testcase name="@AfterMethod close" time="-1.580655981933E9" classname="ISR_Selenium_Testcase.Login_Page_test">
    <skipped/>
  </testcase> <!-- @AfterMethod close -->
  <testcase name="@BeforeMethod setup" time="-1.580655981939E9" classname="ISR_Selenium_Testcase.Login_Page_test">
    <skipped/>
  </testcase> <!-- @BeforeMethod setup -->
  <testcase name="@AfterMethod close" time="-1.580655981942E9" classname="ISR_Selenium_Testcase.Login_Page_test">
    <skipped/>
  </testcase> <!-- @AfterMethod close -->
  <testcase name="@BeforeMethod setup" time="-1.580655981944E9" classname="ISR_Selenium_Testcase.Login_Page_test">
    <skipped/>
  </testcase> <!-- @BeforeMethod setup -->
  <testcase name="@AfterMethod close" time="-1.580655981945E9" classname="ISR_Selenium_Testcase.Login_Page_test">
    <skipped/>
  </testcase> <!-- @AfterMethod close -->
  <testcase name="@BeforeMethod setup" time="-1.580655981947E9" classname="ISR_Selenium_Testcase.Login_Page_test">
    <skipped/>
  </testcase> <!-- @BeforeMethod setup -->
  <testcase name="@AfterMethod close" time="-1.580655981949E9" classname="ISR_Selenium_Testcase.Login_Page_test">
    <skipped/>
  </testcase> <!-- @AfterMethod close -->
  <testcase name="@BeforeMethod setup" time="-1.580655981952E9" classname="ISR_Selenium_Testcase.Organization_details_page_Testcase">
    <skipped/>
  </testcase> <!-- @BeforeMethod setup -->
  <testcase name="@AfterMethod close" time="-1.580655981954E9" classname="ISR_Selenium_Testcase.Organization_details_page_Testcase">
    <skipped/>
  </testcase> <!-- @AfterMethod close -->
  <testcase name="@BeforeMethod setup" time="-1.580655981957E9" classname="ISR_Selenium_Testcase.Organization_details_page_Testcase">
    <skipped/>
  </testcase> <!-- @BeforeMethod setup -->
  <testcase name="@AfterMethod close" time="-1.580655981991E9" classname="ISR_Selenium_Testcase.Organization_details_page_Testcase">
    <skipped/>
  </testcase> <!-- @AfterMethod close -->
  <testcase name="@BeforeMethod setup" time="-1.580655981994E9" classname="ISR_Selenium_Testcase.Organization_details_page_Testcase">
    <skipped/>
  </testcase> <!-- @BeforeMethod setup -->
  <testcase name="@AfterMethod close" time="-1.580655981997E9" classname="ISR_Selenium_Testcase.Organization_details_page_Testcase">
    <skipped/>
  </testcase> <!-- @AfterMethod close -->
  <testcase name="loginpagetitletest" time="0.0" classname="ISR_Selenium_Testcase.Login_Page_test">
    <skipped/>
  </testcase> <!-- loginpagetitletest -->
  <testcase name="logintest" time="0.0" classname="ISR_Selenium_Testcase.Login_Page_test">
    <skipped/>
  </testcase> <!-- logintest -->
  <testcase name="invalidloginemail" time="0.0" classname="ISR_Selenium_Testcase.Login_Page_test">
    <skipped/>
  </testcase> <!-- invalidloginemail -->
  <testcase name="invalidloginpassword" time="0.0" classname="ISR_Selenium_Testcase.Login_Page_test">
    <skipped/>
  </testcase> <!-- invalidloginpassword -->
  <testcase name="orgdetailspage" time="0.0" classname="ISR_Selenium_Testcase.Organization_details_page_Testcase">
    <skipped/>
  </testcase> <!-- orgdetailspage -->
  <testcase name="downloadcertificate" time="0.0" classname="ISR_Selenium_Testcase.Organization_details_page_Testcase">
    <skipped/>
  </testcase> <!-- downloadcertificate -->
  <testcase name="uploadcertificate" time="0.0" classname="ISR_Selenium_Testcase.Organization_details_page_Testcase">
    <skipped/>
  </testcase> <!-- uploadcertificate -->
  <testcase name="organization_video" time="0.0" classname="ISR_Selenium_Testcase.Organization_uploadvideo_page_testcase">
    <skipped/>
  </testcase> <!-- organization_video -->
  <testcase name="upload_fcra" time="0.0" classname="ISR_Selenium_Testcase.Organization_Fcra_page_Testcase">
    <skipped/>
  </testcase> <!-- upload_fcra -->
  <testcase name="download_fcra" time="0.0" classname="ISR_Selenium_Testcase.Organization_Fcra_page_Testcase">
    <skipped/>
  </testcase> <!-- download_fcra -->
  <testcase name="pending_fcra" time="0.0" classname="ISR_Selenium_Testcase.Organization_Fcra_page_Testcase">
    <skipped/>
  </testcase> <!-- pending_fcra -->
  <testcase name="verified_fcra" time="0.0" classname="ISR_Selenium_Testcase.Organization_Fcra_page_Testcase">
    <skipped/>
  </testcase> <!-- verified_fcra -->
  <testcase name="addmember" time="0.0" classname="ISR_Selenium_Testcase.Organization_member_page_Testcase">
    <skipped/>
  </testcase> <!-- addmember -->
  <testcase name="edit_member_name_expert" time="0.0" classname="ISR_Selenium_Testcase.Organization_member_page_Testcase">
    <skipped/>
  </testcase> <!-- edit_member_name_expert -->
  <testcase name="add_same_email" time="0.0" classname="ISR_Selenium_Testcase.Organization_member_page_Testcase">
    <skipped/>
  </testcase> <!-- add_same_email -->
  <testcase name="edit_email" time="0.0" classname="ISR_Selenium_Testcase.Organization_member_page_Testcase">
    <skipped/>
  </testcase> <!-- edit_email -->
  <testcase name="download_sample_member" time="0.0" classname="ISR_Selenium_Testcase.Organization_member_page_Testcase">
    <skipped/>
  </testcase> <!-- download_sample_member -->
  <testcase name="upload_member" time="0.0" classname="ISR_Selenium_Testcase.Organization_member_page_Testcase">
    <skipped/>
  </testcase> <!-- upload_member -->
  <testcase name="beneficiaryfamilyangel" time="0.0" classname="ISR_Selenium_Testcase.Organization_setting_page_Testcase">
    <skipped/>
  </testcase> <!-- beneficiaryfamilyangel -->
</testsuite> <!-- isr test -->
